Server running 
Request for / by method GET
File url : index.html
File Path at the begining : /home/ec2-user/website/final/index.html
Request for /uploads/fit-in/128x128/logo.jpg by method GET
File url : /uploads/fit-in/128x128/logo.jpg
File Path at the begining : /home/ec2-user/website/final/uploads/fit-in/128x128/logo.jpg
Request for /uploads/fit-in/1200x1200/lqdld3nd63bwd82vrep.jpg by method GET
File url : /uploads/fit-in/1200x1200/lqdld3nd63bwd82vrep.jpg
File Path at the begining : /home/ec2-user/website/final/uploads/fit-in/1200x1200/lqdld3nd63bwd82vrep.jpg
Request for /uploads/720x464/lqdnbcbixzo63k1l72s.jpg by method GET
File url : /uploads/720x464/lqdnbcbixzo63k1l72s.jpg
File Path at the begining : /home/ec2-user/website/final/uploads/720x464/lqdnbcbixzo63k1l72s.jpg
Request for /photos/3884133/pexels-photo-3884133.jpg by method GET
File url : /photos/3884133/pexels-photo-3884133.jpg
File Path at the begining : /home/ec2-user/website/final/photos/3884133/pexels-photo-3884133.jpg
Request for /uploads/672x672/lqdnkamhnerdagapcmk.jpg by method GET
File url : /uploads/672x672/lqdnkamhnerdagapcmk.jpg
File Path at the begining : /home/ec2-user/website/final/uploads/672x672/lqdnkamhnerdagapcmk.jpg
Request for /vue-latest.js by method GET
File url : /vue-latest.js
File Path at the begining : /home/ec2-user/website/final/vue-latest.js
Request for /npm/vue3-sfc-loader.js by method GET
File url : /npm/vue3-sfc-loader.js
File Path at the begining : /home/ec2-user/website/final/npm/vue3-sfc-loader.js
Request for /js/helpers.js by method GET
File url : /js/helpers.js
File Path at the begining : /home/ec2-user/website/final/js/helpers.js
Request for /js/vue-app.js by method GET
File url : /js/vue-app.js
File Path at the begining : /home/ec2-user/website/final/js/vue-app.js
Request for /uploads/720x464/lqdnx2zf9ycguz7f5ea.jpg by method GET
File url : /uploads/720x464/lqdnx2zf9ycguz7f5ea.jpg
File Path at the begining : /home/ec2-user/website/final/uploads/720x464/lqdnx2zf9ycguz7f5ea.jpg
Request for /uploads/fit-in/222x240/lqdpjzbp0l1jtg6rjn4o.jpg by method GET
File url : /uploads/fit-in/222x240/lqdpjzbp0l1jtg6rjn4o.jpg
File Path at the begining : /home/ec2-user/website/final/uploads/fit-in/222x240/lqdpjzbp0l1jtg6rjn4o.jpg
Request for / by method GET
File url : index.html
File Path at the begining : /home/ec2-user/website/final/index.html
Request for /uploads/fit-in/128x128/logo.jpg by method GET
File url : /uploads/fit-in/128x128/logo.jpg
File Path at the begining : /home/ec2-user/website/final/uploads/fit-in/128x128/logo.jpg
Request for /uploads/lqdld3nd63bwd82vrep.jpg by method GET
File url : /uploads/lqdld3nd63bwd82vrep.jpg
File Path at the begining : /home/ec2-user/website/final/uploads/lqdld3nd63bwd82vrep.jpg
Request for /uploads/368x368/lqdnbcbixzo63k1l72s.jpg by method GET
File url : /uploads/368x368/lqdnbcbixzo63k1l72s.jpg
File Path at the begining : /home/ec2-user/website/final/uploads/368x368/lqdnbcbixzo63k1l72s.jpg
Request for /photos/3884133/pexels-photo-3884133.jpg by method GET
File url : /photos/3884133/pexels-photo-3884133.jpg
File Path at the begining : /home/ec2-user/website/final/photos/3884133/pexels-photo-3884133.jpg
Request for /uploads/672x672/lqdnkamhnerdagapcmk.jpg by method GET
File url : /uploads/672x672/lqdnkamhnerdagapcmk.jpg
File Path at the begining : /home/ec2-user/website/final/uploads/672x672/lqdnkamhnerdagapcmk.jpg
Request for /vue-latest.js by method GET
File url : /vue-latest.js
File Path at the begining : /home/ec2-user/website/final/vue-latest.js
Request for /npm/vue3-sfc-loader.js by method GET
File url : /npm/vue3-sfc-loader.js
File Path at the begining : /home/ec2-user/website/final/npm/vue3-sfc-loader.js
Request for /js/helpers.js by method GET
File url : /js/helpers.js
File Path at the begining : /home/ec2-user/website/final/js/helpers.js
Request for /js/vue-app.js by method GET
File url : /js/vue-app.js
File Path at the begining : /home/ec2-user/website/final/js/vue-app.js
Request for /uploads/384x464/lqdnx2zf9ycguz7f5ea.jpg by method GET
File url : /uploads/384x464/lqdnx2zf9ycguz7f5ea.jpg
File Path at the begining : /home/ec2-user/website/final/uploads/384x464/lqdnx2zf9ycguz7f5ea.jpg
Request for /uploads/fit-in/222x240/lqdpjzbp0l1jtg6rjn4o.jpg by method GET
File url : /uploads/fit-in/222x240/lqdpjzbp0l1jtg6rjn4o.jpg
File Path at the begining : /home/ec2-user/website/final/uploads/fit-in/222x240/lqdpjzbp0l1jtg6rjn4o.jpg
Request for / by method GET
File url : index.html
File Path at the begining : /home/ec2-user/website/final/index.html
Request for /uploads/fit-in/128x128/logo.jpg by method GET
File url : /uploads/fit-in/128x128/logo.jpg
File Path at the begining : /home/ec2-user/website/final/uploads/fit-in/128x128/logo.jpg
Request for /vue-latest.js by method GET
File url : /vue-latest.js
File Path at the begining : /home/ec2-user/website/final/vue-latest.js
Request for /uploads/fit-in/1200x1200/lqdld3nd63bwd82vrep.jpg by method GET
File url : /uploads/fit-in/1200x1200/lqdld3nd63bwd82vrep.jpg
File Path at the begining : /home/ec2-user/website/final/uploads/fit-in/1200x1200/lqdld3nd63bwd82vrep.jpg
Request for /npm/vue3-sfc-loader.js by method GET
File url : /npm/vue3-sfc-loader.js
File Path at the begining : /home/ec2-user/website/final/npm/vue3-sfc-loader.js
Request for /js/vue-app.js by method GET
File url : /js/vue-app.js
File Path at the begining : /home/ec2-user/website/final/js/vue-app.js
Request for /js/helpers.js by method GET
File url : /js/helpers.js
File Path at the begining : /home/ec2-user/website/final/js/helpers.js
Request for /uploads/720x464/lqdnbcbixzo63k1l72s.jpg by method GET
File url : /uploads/720x464/lqdnbcbixzo63k1l72s.jpg
File Path at the begining : /home/ec2-user/website/final/uploads/720x464/lqdnbcbixzo63k1l72s.jpg
Request for /photos/3884133/pexels-photo-3884133.jpg by method GET
File url : /photos/3884133/pexels-photo-3884133.jpg
File Path at the begining : /home/ec2-user/website/final/photos/3884133/pexels-photo-3884133.jpg
Request for /uploads/672x672/lqdnkamhnerdagapcmk.jpg by method GET
File url : /uploads/672x672/lqdnkamhnerdagapcmk.jpg
File Path at the begining : /home/ec2-user/website/final/uploads/672x672/lqdnkamhnerdagapcmk.jpg
Request for /uploads/fit-in/222x240/lqdpjzbp0l1jtg6rjn4o.jpg by method GET
File url : /uploads/fit-in/222x240/lqdpjzbp0l1jtg6rjn4o.jpg
File Path at the begining : /home/ec2-user/website/final/uploads/fit-in/222x240/lqdpjzbp0l1jtg6rjn4o.jpg
Request for /uploads/720x464/lqdnx2zf9ycguz7f5ea.jpg by method GET
File url : /uploads/720x464/lqdnx2zf9ycguz7f5ea.jpg
File Path at the begining : /home/ec2-user/website/final/uploads/720x464/lqdnx2zf9ycguz7f5ea.jpg
Request for / by method GET
File url : index.html
File Path at the begining : /home/ec2-user/website/final/index.html
Request for /uploads/fit-in/128x128/logo.jpg by method GET
File url : /uploads/fit-in/128x128/logo.jpg
File Path at the begining : /home/ec2-user/website/final/uploads/fit-in/128x128/logo.jpg
Request for /uploads/720x464/lqdnbcbixzo63k1l72s.jpg by method GET
File url : /uploads/720x464/lqdnbcbixzo63k1l72s.jpg
File Path at the begining : /home/ec2-user/website/final/uploads/720x464/lqdnbcbixzo63k1l72s.jpg
Request for /photos/3884133/pexels-photo-3884133.jpg by method GET
File url : /photos/3884133/pexels-photo-3884133.jpg
File Path at the begining : /home/ec2-user/website/final/photos/3884133/pexels-photo-3884133.jpg
Request for /vue-latest.js by method GET
File url : /vue-latest.js
File Path at the begining : /home/ec2-user/website/final/vue-latest.js
Request for /uploads/720x464/lqdnx2zf9ycguz7f5ea.jpg by method GET
File url : /uploads/720x464/lqdnx2zf9ycguz7f5ea.jpg
File Path at the begining : /home/ec2-user/website/final/uploads/720x464/lqdnx2zf9ycguz7f5ea.jpg
Request for /uploads/fit-in/1200x1200/lqdld3nd63bwd82vrep.jpg by method GET
File url : /uploads/fit-in/1200x1200/lqdld3nd63bwd82vrep.jpg
File Path at the begining : /home/ec2-user/website/final/uploads/fit-in/1200x1200/lqdld3nd63bwd82vrep.jpg
Request for /npm/vue3-sfc-loader.js by method GET
File url : /npm/vue3-sfc-loader.js
File Path at the begining : /home/ec2-user/website/final/npm/vue3-sfc-loader.js
Request for /js/vue-app.js by method GET
File url : /js/vue-app.js
File Path at the begining : /home/ec2-user/website/final/js/vue-app.js
Request for /js/helpers.js by method GET
File url : /js/helpers.js
File Path at the begining : /home/ec2-user/website/final/js/helpers.js
Request for /uploads/672x672/lqdnkamhnerdagapcmk.jpg by method GET
File url : /uploads/672x672/lqdnkamhnerdagapcmk.jpg
File Path at the begining : /home/ec2-user/website/final/uploads/672x672/lqdnkamhnerdagapcmk.jpg
Request for /uploads/fit-in/222x240/lqdpjzbp0l1jtg6rjn4o.jpg by method GET
File url : /uploads/fit-in/222x240/lqdpjzbp0l1jtg6rjn4o.jpg
File Path at the begining : /home/ec2-user/website/final/uploads/fit-in/222x240/lqdpjzbp0l1jtg6rjn4o.jpg
Request for / by method GET
File url : index.html
File Path at the begining : /home/ec2-user/website/final/index.html
Request for /vue-latest.js by method GET
File url : /vue-latest.js
File Path at the begining : /home/ec2-user/website/final/vue-latest.js
Request for /uploads/fit-in/1200x1200/lqdld3nd63bwd82vrep.jpg by method GET
File url : /uploads/fit-in/1200x1200/lqdld3nd63bwd82vrep.jpg
File Path at the begining : /home/ec2-user/website/final/uploads/fit-in/1200x1200/lqdld3nd63bwd82vrep.jpg
Request for /uploads/fit-in/128x128/logo.jpg by method GET
File url : /uploads/fit-in/128x128/logo.jpg
File Path at the begining : /home/ec2-user/website/final/uploads/fit-in/128x128/logo.jpg
Request for /js/helpers.js by method GET
File url : /js/helpers.js
File Path at the begining : /home/ec2-user/website/final/js/helpers.js
Request for /js/vue-app.js by method GET
File url : /js/vue-app.js
File Path at the begining : /home/ec2-user/website/final/js/vue-app.js
Request for /npm/vue3-sfc-loader.js by method GET
File url : /npm/vue3-sfc-loader.js
File Path at the begining : /home/ec2-user/website/final/npm/vue3-sfc-loader.js
Request for /uploads/720x464/lqdnbcbixzo63k1l72s.jpg by method GET
File url : /uploads/720x464/lqdnbcbixzo63k1l72s.jpg
File Path at the begining : /home/ec2-user/website/final/uploads/720x464/lqdnbcbixzo63k1l72s.jpg
Request for /photos/3884133/pexels-photo-3884133.jpg by method GET
File url : /photos/3884133/pexels-photo-3884133.jpg
File Path at the begining : /home/ec2-user/website/final/photos/3884133/pexels-photo-3884133.jpg
Request for /uploads/672x672/lqdnkamhnerdagapcmk.jpg by method GET
File url : /uploads/672x672/lqdnkamhnerdagapcmk.jpg
File Path at the begining : /home/ec2-user/website/final/uploads/672x672/lqdnkamhnerdagapcmk.jpg
Request for /uploads/720x464/lqdnx2zf9ycguz7f5ea.jpg by method GET
File url : /uploads/720x464/lqdnx2zf9ycguz7f5ea.jpg
File Path at the begining : /home/ec2-user/website/final/uploads/720x464/lqdnx2zf9ycguz7f5ea.jpg
Request for /uploads/fit-in/222x240/lqdpjzbp0l1jtg6rjn4o.jpg by method GET
File url : /uploads/fit-in/222x240/lqdpjzbp0l1jtg6rjn4o.jpg
File Path at the begining : /home/ec2-user/website/final/uploads/fit-in/222x240/lqdpjzbp0l1jtg6rjn4o.jpg
Request for / by method GET
File url : index.html
File Path at the begining : /home/ec2-user/website/final/index.html
Request for / by method GET
File url : index.html
File Path at the begining : /home/ec2-user/website/final/index.html
(node:33675) Warning: An error event has already been emitted on the socket. Please use the destroy method on the socket while handling a 'clientError' event.
(Use `node --trace-warnings ...` to show where the warning was created)
Request for /favicon.ico by method GET
File url : /favicon.ico
File Path at the begining : /home/ec2-user/website/final/favicon.ico
Server running 
Request for / by method GET
File url : index.html
File Path at the begining : /home/ec2-user/website/final/index.html
Request for /uploads/fit-in/128x128/logo.jpg by method GET
File url : /uploads/fit-in/128x128/logo.jpg
File Path at the begining : /home/ec2-user/website/final/uploads/fit-in/128x128/logo.jpg
Request for /uploads/lqdld3nd63bwd82vrep.jpg by method GET
File url : /uploads/lqdld3nd63bwd82vrep.jpg
File Path at the begining : /home/ec2-user/website/final/uploads/lqdld3nd63bwd82vrep.jpg
Request for /uploads/672x672/lqdnkamhnerdagapcmk.jpg by method GET
File url : /uploads/672x672/lqdnkamhnerdagapcmk.jpg
File Path at the begining : /home/ec2-user/website/final/uploads/672x672/lqdnkamhnerdagapcmk.jpg
Request for /uploads/368x368/lqdnbcbixzo63k1l72s.jpg by method GET
File url : /uploads/368x368/lqdnbcbixzo63k1l72s.jpg
File Path at the begining : /home/ec2-user/website/final/uploads/368x368/lqdnbcbixzo63k1l72s.jpg
Request for /photos/3884133/pexels-photo-3884133.jpg by method GET
File url : /photos/3884133/pexels-photo-3884133.jpg
File Path at the begining : /home/ec2-user/website/final/photos/3884133/pexels-photo-3884133.jpg
Request for /uploads/384x464/lqdnx2zf9ycguz7f5ea.jpg by method GET
File url : /uploads/384x464/lqdnx2zf9ycguz7f5ea.jpg
File Path at the begining : /home/ec2-user/website/final/uploads/384x464/lqdnx2zf9ycguz7f5ea.jpg
Request for /uploads/fit-in/222x240/lqdpjzbp0l1jtg6rjn4o.jpg by method GET
File url : /uploads/fit-in/222x240/lqdpjzbp0l1jtg6rjn4o.jpg
File Path at the begining : /home/ec2-user/website/final/uploads/fit-in/222x240/lqdpjzbp0l1jtg6rjn4o.jpg
Request for /vue-latest.js by method GET
File url : /vue-latest.js
File Path at the begining : /home/ec2-user/website/final/vue-latest.js
Request for /npm/vue3-sfc-loader.js by method GET
File url : /npm/vue3-sfc-loader.js
File Path at the begining : /home/ec2-user/website/final/npm/vue3-sfc-loader.js
Request for /js/helpers.js by method GET
File url : /js/helpers.js
File Path at the begining : /home/ec2-user/website/final/js/helpers.js
Request for /js/vue-app.js by method GET
File url : /js/vue-app.js
File Path at the begining : /home/ec2-user/website/final/js/vue-app.js
Request for / by method GET
File url : index.html
File Path at the begining : /home/ec2-user/website/final/index.html
Request for /uploads/fit-in/128x128/logo.jpg by method GET
File url : /uploads/fit-in/128x128/logo.jpg
File Path at the begining : /home/ec2-user/website/final/uploads/fit-in/128x128/logo.jpg
Request for /uploads/lqdld3nd63bwd82vrep.jpg by method GET
File url : /uploads/lqdld3nd63bwd82vrep.jpg
File Path at the begining : /home/ec2-user/website/final/uploads/lqdld3nd63bwd82vrep.jpg
Request for /photos/3884133/pexels-photo-3884133.jpg by method GET
File url : /photos/3884133/pexels-photo-3884133.jpg
File Path at the begining : /home/ec2-user/website/final/photos/3884133/pexels-photo-3884133.jpg
Request for /uploads/368x368/lqdnbcbixzo63k1l72s.jpg by method GET
File url : /uploads/368x368/lqdnbcbixzo63k1l72s.jpg
File Path at the begining : /home/ec2-user/website/final/uploads/368x368/lqdnbcbixzo63k1l72s.jpg
Request for /uploads/672x672/lqdnkamhnerdagapcmk.jpg by method GET
File url : /uploads/672x672/lqdnkamhnerdagapcmk.jpg
File Path at the begining : /home/ec2-user/website/final/uploads/672x672/lqdnkamhnerdagapcmk.jpg
Request for /uploads/384x464/lqdnx2zf9ycguz7f5ea.jpg by method GET
File url : /uploads/384x464/lqdnx2zf9ycguz7f5ea.jpg
File Path at the begining : /home/ec2-user/website/final/uploads/384x464/lqdnx2zf9ycguz7f5ea.jpg
Request for /uploads/fit-in/222x240/lqdpjzbp0l1jtg6rjn4o.jpg by method GET
File url : /uploads/fit-in/222x240/lqdpjzbp0l1jtg6rjn4o.jpg
File Path at the begining : /home/ec2-user/website/final/uploads/fit-in/222x240/lqdpjzbp0l1jtg6rjn4o.jpg
Request for /npm/vue3-sfc-loader.js by method GET
File url : /npm/vue3-sfc-loader.js
File Path at the begining : /home/ec2-user/website/final/npm/vue3-sfc-loader.js
Request for /js/vue-app.js by method GET
File url : /js/vue-app.js
File Path at the begining : /home/ec2-user/website/final/js/vue-app.js
Request for /js/helpers.js by method GET
File url : /js/helpers.js
File Path at the begining : /home/ec2-user/website/final/js/helpers.js
Request for /vue-latest.js by method GET
File url : /vue-latest.js
File Path at the begining : /home/ec2-user/website/final/vue-latest.js
Request for / by method GET
File url : index.html
File Path at the begining : /home/ec2-user/website/final/index.html
Request for /uploads/fit-in/128x128/logo.jpg by method GET
File url : /uploads/fit-in/128x128/logo.jpg
File Path at the begining : /home/ec2-user/website/final/uploads/fit-in/128x128/logo.jpg
Request for /uploads/lqdld3nd63bwd82vrep.jpg by method GET
File url : /uploads/lqdld3nd63bwd82vrep.jpg
File Path at the begining : /home/ec2-user/website/final/uploads/lqdld3nd63bwd82vrep.jpg
Request for /uploads/368x368/lqdnbcbixzo63k1l72s.jpg by method GET
File url : /uploads/368x368/lqdnbcbixzo63k1l72s.jpg
File Path at the begining : /home/ec2-user/website/final/uploads/368x368/lqdnbcbixzo63k1l72s.jpg
Request for /photos/3884133/pexels-photo-3884133.jpg by method GET
File url : /photos/3884133/pexels-photo-3884133.jpg
File Path at the begining : /home/ec2-user/website/final/photos/3884133/pexels-photo-3884133.jpg
Request for /uploads/672x672/lqdnkamhnerdagapcmk.jpg by method GET
File url : /uploads/672x672/lqdnkamhnerdagapcmk.jpg
File Path at the begining : /home/ec2-user/website/final/uploads/672x672/lqdnkamhnerdagapcmk.jpg
Request for /vue-latest.js by method GET
File url : /vue-latest.js
File Path at the begining : /home/ec2-user/website/final/vue-latest.js
Request for /js/vue-app.js by method GET
File url : /js/vue-app.js
File Path at the begining : /home/ec2-user/website/final/js/vue-app.js
Request for /npm/vue3-sfc-loader.js by method GET
File url : /npm/vue3-sfc-loader.js
File Path at the begining : /home/ec2-user/website/final/npm/vue3-sfc-loader.js
Request for /js/helpers.js by method GET
File url : /js/helpers.js
File Path at the begining : /home/ec2-user/website/final/js/helpers.js
Request for /uploads/384x464/lqdnx2zf9ycguz7f5ea.jpg by method GET
File url : /uploads/384x464/lqdnx2zf9ycguz7f5ea.jpg
File Path at the begining : /home/ec2-user/website/final/uploads/384x464/lqdnx2zf9ycguz7f5ea.jpg
Request for /uploads/fit-in/222x240/lqdpjzbp0l1jtg6rjn4o.jpg by method GET
File url : /uploads/fit-in/222x240/lqdpjzbp0l1jtg6rjn4o.jpg
File Path at the begining : /home/ec2-user/website/final/uploads/fit-in/222x240/lqdpjzbp0l1jtg6rjn4o.jpg
Request for /favicon.ico by method GET
File url : /favicon.ico
File Path at the begining : /home/ec2-user/website/final/favicon.ico
Request for / by method GET
File url : index.html
File Path at the begining : /home/ec2-user/website/final/index.html
Request for /uploads/fit-in/128x128/logo.jpg by method GET
File url : /uploads/fit-in/128x128/logo.jpg
File Path at the begining : /home/ec2-user/website/final/uploads/fit-in/128x128/logo.jpg
Request for /uploads/lqdld3nd63bwd82vrep.jpg by method GET
File url : /uploads/lqdld3nd63bwd82vrep.jpg
File Path at the begining : /home/ec2-user/website/final/uploads/lqdld3nd63bwd82vrep.jpg
Request for /uploads/368x368/lqdnbcbixzo63k1l72s.jpg by method GET
File url : /uploads/368x368/lqdnbcbixzo63k1l72s.jpg
File Path at the begining : /home/ec2-user/website/final/uploads/368x368/lqdnbcbixzo63k1l72s.jpg
Request for /photos/3884133/pexels-photo-3884133.jpg by method GET
File url : /photos/3884133/pexels-photo-3884133.jpg
File Path at the begining : /home/ec2-user/website/final/photos/3884133/pexels-photo-3884133.jpg
Request for /uploads/672x672/lqdnkamhnerdagapcmk.jpg by method GET
File url : /uploads/672x672/lqdnkamhnerdagapcmk.jpg
File Path at the begining : /home/ec2-user/website/final/uploads/672x672/lqdnkamhnerdagapcmk.jpg
Request for /vue-latest.js by method GET
File url : /vue-latest.js
File Path at the begining : /home/ec2-user/website/final/vue-latest.js
Request for /npm/vue3-sfc-loader.js by method GET
File url : /npm/vue3-sfc-loader.js
File Path at the begining : /home/ec2-user/website/final/npm/vue3-sfc-loader.js
Request for /js/helpers.js by method GET
File url : /js/helpers.js
File Path at the begining : /home/ec2-user/website/final/js/helpers.js
Request for /js/vue-app.js by method GET
File url : /js/vue-app.js
File Path at the begining : /home/ec2-user/website/final/js/vue-app.js
Request for /uploads/384x464/lqdnx2zf9ycguz7f5ea.jpg by method GET
File url : /uploads/384x464/lqdnx2zf9ycguz7f5ea.jpg
File Path at the begining : /home/ec2-user/website/final/uploads/384x464/lqdnx2zf9ycguz7f5ea.jpg
Request for /uploads/fit-in/222x240/lqdpjzbp0l1jtg6rjn4o.jpg by method GET
File url : /uploads/fit-in/222x240/lqdpjzbp0l1jtg6rjn4o.jpg
File Path at the begining : /home/ec2-user/website/final/uploads/fit-in/222x240/lqdpjzbp0l1jtg6rjn4o.jpg
Request for / by method GET
File url : index.html
File Path at the begining : /home/ec2-user/website/final/index.html
Request for /uploads/fit-in/128x128/logo.jpg by method GET
File url : /uploads/fit-in/128x128/logo.jpg
File Path at the begining : /home/ec2-user/website/final/uploads/fit-in/128x128/logo.jpg
Request for /uploads/lqdld3nd63bwd82vrep.jpg by method GET
File url : /uploads/lqdld3nd63bwd82vrep.jpg
File Path at the begining : /home/ec2-user/website/final/uploads/lqdld3nd63bwd82vrep.jpg
Request for /uploads/672x672/lqdnkamhnerdagapcmk.jpg by method GET
File url : /uploads/672x672/lqdnkamhnerdagapcmk.jpg
File Path at the begining : /home/ec2-user/website/final/uploads/672x672/lqdnkamhnerdagapcmk.jpg
Request for /uploads/368x368/lqdnbcbixzo63k1l72s.jpg by method GET
File url : /uploads/368x368/lqdnbcbixzo63k1l72s.jpg
File Path at the begining : /home/ec2-user/website/final/uploads/368x368/lqdnbcbixzo63k1l72s.jpg
Request for /photos/3884133/pexels-photo-3884133.jpg by method GET
File url : /photos/3884133/pexels-photo-3884133.jpg
File Path at the begining : /home/ec2-user/website/final/photos/3884133/pexels-photo-3884133.jpg
Request for /vue-latest.js by method GET
File url : /vue-latest.js
File Path at the begining : /home/ec2-user/website/final/vue-latest.js
Request for /uploads/384x464/lqdnx2zf9ycguz7f5ea.jpg by method GET
File url : /uploads/384x464/lqdnx2zf9ycguz7f5ea.jpg
File Path at the begining : /home/ec2-user/website/final/uploads/384x464/lqdnx2zf9ycguz7f5ea.jpg
Request for /uploads/fit-in/222x240/lqdpjzbp0l1jtg6rjn4o.jpg by method GET
File url : /uploads/fit-in/222x240/lqdpjzbp0l1jtg6rjn4o.jpg
File Path at the begining : /home/ec2-user/website/final/uploads/fit-in/222x240/lqdpjzbp0l1jtg6rjn4o.jpg
Request for /npm/vue3-sfc-loader.js by method GET
File url : /npm/vue3-sfc-loader.js
File Path at the begining : /home/ec2-user/website/final/npm/vue3-sfc-loader.js
Request for /js/helpers.js by method GET
File url : /js/helpers.js
File Path at the begining : /home/ec2-user/website/final/js/helpers.js
Request for /js/vue-app.js by method GET
File url : /js/vue-app.js
File Path at the begining : /home/ec2-user/website/final/js/vue-app.js
Request for / by method GET
File url : index.html
File Path at the begining : /home/ec2-user/website/final/index.html
Request for /uploads/fit-in/128x128/logo.jpg by method GET
File url : /uploads/fit-in/128x128/logo.jpg
File Path at the begining : /home/ec2-user/website/final/uploads/fit-in/128x128/logo.jpg
Request for /uploads/lqdld3nd63bwd82vrep.jpg by method GET
File url : /uploads/lqdld3nd63bwd82vrep.jpg
File Path at the begining : /home/ec2-user/website/final/uploads/lqdld3nd63bwd82vrep.jpg
Request for /uploads/672x672/lqdnkamhnerdagapcmk.jpg by method GET
File url : /uploads/672x672/lqdnkamhnerdagapcmk.jpg
File Path at the begining : /home/ec2-user/website/final/uploads/672x672/lqdnkamhnerdagapcmk.jpg
Request for /uploads/368x368/lqdnbcbixzo63k1l72s.jpg by method GET
File url : /uploads/368x368/lqdnbcbixzo63k1l72s.jpg
File Path at the begining : /home/ec2-user/website/final/uploads/368x368/lqdnbcbixzo63k1l72s.jpg
Request for /photos/3884133/pexels-photo-3884133.jpg by method GET
File url : /photos/3884133/pexels-photo-3884133.jpg
File Path at the begining : /home/ec2-user/website/final/photos/3884133/pexels-photo-3884133.jpg
Request for /vue-latest.js by method GET
File url : /vue-latest.js
File Path at the begining : /home/ec2-user/website/final/vue-latest.js
Request for /uploads/fit-in/222x240/lqdpjzbp0l1jtg6rjn4o.jpg by method GET
File url : /uploads/fit-in/222x240/lqdpjzbp0l1jtg6rjn4o.jpg
File Path at the begining : /home/ec2-user/website/final/uploads/fit-in/222x240/lqdpjzbp0l1jtg6rjn4o.jpg
Request for /uploads/384x464/lqdnx2zf9ycguz7f5ea.jpg by method GET
File url : /uploads/384x464/lqdnx2zf9ycguz7f5ea.jpg
File Path at the begining : /home/ec2-user/website/final/uploads/384x464/lqdnx2zf9ycguz7f5ea.jpg
Request for /npm/vue3-sfc-loader.js by method GET
File url : /npm/vue3-sfc-loader.js
File Path at the begining : /home/ec2-user/website/final/npm/vue3-sfc-loader.js
Request for /js/helpers.js by method GET
File url : /js/helpers.js
File Path at the begining : /home/ec2-user/website/final/js/helpers.js
Request for /js/vue-app.js by method GET
File url : /js/vue-app.js
File Path at the begining : /home/ec2-user/website/final/js/vue-app.js
Request for /index.html by method GET
File url : /index.html
File Path at the begining : /home/ec2-user/website/final/index.html
Request for /uploads/fit-in/128x128/logo.jpg by method GET
File url : /uploads/fit-in/128x128/logo.jpg
File Path at the begining : /home/ec2-user/website/final/uploads/fit-in/128x128/logo.jpg
Request for /uploads/lqdld3nd63bwd82vrep.jpg by method GET
File url : /uploads/lqdld3nd63bwd82vrep.jpg
File Path at the begining : /home/ec2-user/website/final/uploads/lqdld3nd63bwd82vrep.jpg
Request for /uploads/368x368/lqdnbcbixzo63k1l72s.jpg by method GET
File url : /uploads/368x368/lqdnbcbixzo63k1l72s.jpg
File Path at the begining : /home/ec2-user/website/final/uploads/368x368/lqdnbcbixzo63k1l72s.jpg
Request for /photos/3884133/pexels-photo-3884133.jpg by method GET
File url : /photos/3884133/pexels-photo-3884133.jpg
File Path at the begining : /home/ec2-user/website/final/photos/3884133/pexels-photo-3884133.jpg
Request for /uploads/672x672/lqdnkamhnerdagapcmk.jpg by method GET
File url : /uploads/672x672/lqdnkamhnerdagapcmk.jpg
File Path at the begining : /home/ec2-user/website/final/uploads/672x672/lqdnkamhnerdagapcmk.jpg
Request for /vue-latest.js by method GET
File url : /vue-latest.js
File Path at the begining : /home/ec2-user/website/final/vue-latest.js
Request for /npm/vue3-sfc-loader.js by method GET
File url : /npm/vue3-sfc-loader.js
File Path at the begining : /home/ec2-user/website/final/npm/vue3-sfc-loader.js
Request for /js/helpers.js by method GET
File url : /js/helpers.js
File Path at the begining : /home/ec2-user/website/final/js/helpers.js
Request for /js/vue-app.js by method GET
File url : /js/vue-app.js
File Path at the begining : /home/ec2-user/website/final/js/vue-app.js
Request for /uploads/384x464/lqdnx2zf9ycguz7f5ea.jpg by method GET
File url : /uploads/384x464/lqdnx2zf9ycguz7f5ea.jpg
File Path at the begining : /home/ec2-user/website/final/uploads/384x464/lqdnx2zf9ycguz7f5ea.jpg
Request for /uploads/fit-in/222x240/lqdpjzbp0l1jtg6rjn4o.jpg by method GET
File url : /uploads/fit-in/222x240/lqdpjzbp0l1jtg6rjn4o.jpg
File Path at the begining : /home/ec2-user/website/final/uploads/fit-in/222x240/lqdpjzbp0l1jtg6rjn4o.jpg
Request for /index.html by method GET
File url : /index.html
File Path at the begining : /home/ec2-user/website/final/index.html
Request for /uploads/fit-in/128x128/logo.jpg by method GET
File url : /uploads/fit-in/128x128/logo.jpg
File Path at the begining : /home/ec2-user/website/final/uploads/fit-in/128x128/logo.jpg
Request for /uploads/lqdld3nd63bwd82vrep.jpg by method GET
File url : /uploads/lqdld3nd63bwd82vrep.jpg
File Path at the begining : /home/ec2-user/website/final/uploads/lqdld3nd63bwd82vrep.jpg
Request for /uploads/368x368/lqdnbcbixzo63k1l72s.jpg by method GET
File url : /uploads/368x368/lqdnbcbixzo63k1l72s.jpg
File Path at the begining : /home/ec2-user/website/final/uploads/368x368/lqdnbcbixzo63k1l72s.jpg
Request for /photos/3884133/pexels-photo-3884133.jpg by method GET
File url : /photos/3884133/pexels-photo-3884133.jpg
File Path at the begining : /home/ec2-user/website/final/photos/3884133/pexels-photo-3884133.jpg
Request for /uploads/672x672/lqdnkamhnerdagapcmk.jpg by method GET
File url : /uploads/672x672/lqdnkamhnerdagapcmk.jpg
File Path at the begining : /home/ec2-user/website/final/uploads/672x672/lqdnkamhnerdagapcmk.jpg
Request for /vue-latest.js by method GET
File url : /vue-latest.js
File Path at the begining : /home/ec2-user/website/final/vue-latest.js
Request for /npm/vue3-sfc-loader.js by method GET
File url : /npm/vue3-sfc-loader.js
File Path at the begining : /home/ec2-user/website/final/npm/vue3-sfc-loader.js
Request for /js/helpers.js by method GET
File url : /js/helpers.js
File Path at the begining : /home/ec2-user/website/final/js/helpers.js
Request for /js/vue-app.js by method GET
File url : /js/vue-app.js
File Path at the begining : /home/ec2-user/website/final/js/vue-app.js
Request for /uploads/384x464/lqdnx2zf9ycguz7f5ea.jpg by method GET
File url : /uploads/384x464/lqdnx2zf9ycguz7f5ea.jpg
File Path at the begining : /home/ec2-user/website/final/uploads/384x464/lqdnx2zf9ycguz7f5ea.jpg
Request for /uploads/fit-in/222x240/lqdpjzbp0l1jtg6rjn4o.jpg by method GET
File url : /uploads/fit-in/222x240/lqdpjzbp0l1jtg6rjn4o.jpg
File Path at the begining : /home/ec2-user/website/final/uploads/fit-in/222x240/lqdpjzbp0l1jtg6rjn4o.jpg
Request for / by method GET
File url : index.html
File Path at the begining : /home/ec2-user/website/final/index.html
Request for /uploads/fit-in/128x128/logo.jpg by method GET
File url : /uploads/fit-in/128x128/logo.jpg
File Path at the begining : /home/ec2-user/website/final/uploads/fit-in/128x128/logo.jpg
Request for /uploads/lqdld3nd63bwd82vrep.jpg by method GET
File url : /uploads/lqdld3nd63bwd82vrep.jpg
File Path at the begining : /home/ec2-user/website/final/uploads/lqdld3nd63bwd82vrep.jpg
Request for /uploads/368x368/lqdnbcbixzo63k1l72s.jpg by method GET
File url : /uploads/368x368/lqdnbcbixzo63k1l72s.jpg
File Path at the begining : /home/ec2-user/website/final/uploads/368x368/lqdnbcbixzo63k1l72s.jpg
Request for /photos/3884133/pexels-photo-3884133.jpg by method GET
File url : /photos/3884133/pexels-photo-3884133.jpg
File Path at the begining : /home/ec2-user/website/final/photos/3884133/pexels-photo-3884133.jpg
Request for /uploads/672x672/lqdnkamhnerdagapcmk.jpg by method GET
File url : /uploads/672x672/lqdnkamhnerdagapcmk.jpg
File Path at the begining : /home/ec2-user/website/final/uploads/672x672/lqdnkamhnerdagapcmk.jpg
Request for /npm/vue3-sfc-loader.js by method GET
File url : /npm/vue3-sfc-loader.js
File Path at the begining : /home/ec2-user/website/final/npm/vue3-sfc-loader.js
Request for /js/helpers.js by method GET
File url : /js/helpers.js
File Path at the begining : /home/ec2-user/website/final/js/helpers.js
Request for /vue-latest.js by method GET
File url : /vue-latest.js
File Path at the begining : /home/ec2-user/website/final/vue-latest.js
Request for /js/vue-app.js by method GET
File url : /js/vue-app.js
File Path at the begining : /home/ec2-user/website/final/js/vue-app.js
Request for /uploads/384x464/lqdnx2zf9ycguz7f5ea.jpg by method GET
File url : /uploads/384x464/lqdnx2zf9ycguz7f5ea.jpg
File Path at the begining : /home/ec2-user/website/final/uploads/384x464/lqdnx2zf9ycguz7f5ea.jpg
Request for /uploads/fit-in/222x240/lqdpjzbp0l1jtg6rjn4o.jpg by method GET
File url : /uploads/fit-in/222x240/lqdpjzbp0l1jtg6rjn4o.jpg
File Path at the begining : /home/ec2-user/website/final/uploads/fit-in/222x240/lqdpjzbp0l1jtg6rjn4o.jpg
Request for /favicon.ico by method GET
File url : /favicon.ico
File Path at the begining : /home/ec2-user/website/final/favicon.ico
Request for / by method GET
File url : index.html
File Path at the begining : /home/ec2-user/website/final/index.html
Request for /uploads/fit-in/128x128/logo.jpg by method GET
File url : /uploads/fit-in/128x128/logo.jpg
File Path at the begining : /home/ec2-user/website/final/uploads/fit-in/128x128/logo.jpg
Request for /uploads/lqdld3nd63bwd82vrep.jpg by method GET
File url : /uploads/lqdld3nd63bwd82vrep.jpg
File Path at the begining : /home/ec2-user/website/final/uploads/lqdld3nd63bwd82vrep.jpg
Request for /uploads/368x368/lqdnbcbixzo63k1l72s.jpg by method GET
File url : /uploads/368x368/lqdnbcbixzo63k1l72s.jpg
File Path at the begining : /home/ec2-user/website/final/uploads/368x368/lqdnbcbixzo63k1l72s.jpg
Request for /photos/3884133/pexels-photo-3884133.jpg by method GET
File url : /photos/3884133/pexels-photo-3884133.jpg
File Path at the begining : /home/ec2-user/website/final/photos/3884133/pexels-photo-3884133.jpg
Request for /uploads/672x672/lqdnkamhnerdagapcmk.jpg by method GET
File url : /uploads/672x672/lqdnkamhnerdagapcmk.jpg
File Path at the begining : /home/ec2-user/website/final/uploads/672x672/lqdnkamhnerdagapcmk.jpg
Request for /uploads/384x464/lqdnx2zf9ycguz7f5ea.jpg by method GET
File url : /uploads/384x464/lqdnx2zf9ycguz7f5ea.jpg
File Path at the begining : /home/ec2-user/website/final/uploads/384x464/lqdnx2zf9ycguz7f5ea.jpg
Request for /uploads/fit-in/222x240/lqdpjzbp0l1jtg6rjn4o.jpg by method GET
File url : /uploads/fit-in/222x240/lqdpjzbp0l1jtg6rjn4o.jpg
File Path at the begining : /home/ec2-user/website/final/uploads/fit-in/222x240/lqdpjzbp0l1jtg6rjn4o.jpg
Request for /npm/vue3-sfc-loader.js by method GET
File url : /npm/vue3-sfc-loader.js
File Path at the begining : /home/ec2-user/website/final/npm/vue3-sfc-loader.js
Request for /vue-latest.js by method GET
File url : /vue-latest.js
File Path at the begining : /home/ec2-user/website/final/vue-latest.js
Request for /js/helpers.js by method GET
File url : /js/helpers.js
File Path at the begining : /home/ec2-user/website/final/js/helpers.js
Request for /js/vue-app.js by method GET
File url : /js/vue-app.js
File Path at the begining : /home/ec2-user/website/final/js/vue-app.js
Request for /index.html by method GET
File url : /index.html
File Path at the begining : /home/ec2-user/website/final/index.html
Request for /uploads/fit-in/128x128/logo.jpg by method GET
File url : /uploads/fit-in/128x128/logo.jpg
File Path at the begining : /home/ec2-user/website/final/uploads/fit-in/128x128/logo.jpg
Request for /uploads/lqdld3nd63bwd82vrep.jpg by method GET
File url : /uploads/lqdld3nd63bwd82vrep.jpg
File Path at the begining : /home/ec2-user/website/final/uploads/lqdld3nd63bwd82vrep.jpg
Request for /uploads/368x368/lqdnbcbixzo63k1l72s.jpg by method GET
File url : /uploads/368x368/lqdnbcbixzo63k1l72s.jpg
File Path at the begining : /home/ec2-user/website/final/uploads/368x368/lqdnbcbixzo63k1l72s.jpg
Request for /photos/3884133/pexels-photo-3884133.jpg by method GET
File url : /photos/3884133/pexels-photo-3884133.jpg
File Path at the begining : /home/ec2-user/website/final/photos/3884133/pexels-photo-3884133.jpg
Request for /vue-latest.js by method GET
File url : /vue-latest.js
File Path at the begining : /home/ec2-user/website/final/vue-latest.js
Request for /uploads/672x672/lqdnkamhnerdagapcmk.jpg by method GET
File url : /uploads/672x672/lqdnkamhnerdagapcmk.jpg
File Path at the begining : /home/ec2-user/website/final/uploads/672x672/lqdnkamhnerdagapcmk.jpg
Request for /npm/vue3-sfc-loader.js by method GET
File url : /npm/vue3-sfc-loader.js
File Path at the begining : /home/ec2-user/website/final/npm/vue3-sfc-loader.js
Request for /js/helpers.js by method GET
File url : /js/helpers.js
File Path at the begining : /home/ec2-user/website/final/js/helpers.js
Request for /js/vue-app.js by method GET
File url : /js/vue-app.js
File Path at the begining : /home/ec2-user/website/final/js/vue-app.js
Request for /uploads/384x464/lqdnx2zf9ycguz7f5ea.jpg by method GET
File url : /uploads/384x464/lqdnx2zf9ycguz7f5ea.jpg
File Path at the begining : /home/ec2-user/website/final/uploads/384x464/lqdnx2zf9ycguz7f5ea.jpg
Request for /uploads/fit-in/222x240/lqdpjzbp0l1jtg6rjn4o.jpg by method GET
File url : /uploads/fit-in/222x240/lqdpjzbp0l1jtg6rjn4o.jpg
File Path at the begining : /home/ec2-user/website/final/uploads/fit-in/222x240/lqdpjzbp0l1jtg6rjn4o.jpg
Request for /index.html by method GET
File url : /index.html
File Path at the begining : /home/ec2-user/website/final/index.html
Request for /uploads/fit-in/128x128/logo.jpg by method GET
File url : /uploads/fit-in/128x128/logo.jpg
File Path at the begining : /home/ec2-user/website/final/uploads/fit-in/128x128/logo.jpg
Request for /uploads/lqdld3nd63bwd82vrep.jpg by method GET
File url : /uploads/lqdld3nd63bwd82vrep.jpg
File Path at the begining : /home/ec2-user/website/final/uploads/lqdld3nd63bwd82vrep.jpg
Request for /uploads/368x368/lqdnbcbixzo63k1l72s.jpg by method GET
File url : /uploads/368x368/lqdnbcbixzo63k1l72s.jpg
File Path at the begining : /home/ec2-user/website/final/uploads/368x368/lqdnbcbixzo63k1l72s.jpg
Request for /uploads/672x672/lqdnkamhnerdagapcmk.jpg by method GET
File url : /uploads/672x672/lqdnkamhnerdagapcmk.jpg
File Path at the begining : /home/ec2-user/website/final/uploads/672x672/lqdnkamhnerdagapcmk.jpg
Request for /photos/3884133/pexels-photo-3884133.jpg by method GET
File url : /photos/3884133/pexels-photo-3884133.jpg
File Path at the begining : /home/ec2-user/website/final/photos/3884133/pexels-photo-3884133.jpg
Request for /vue-latest.js by method GET
File url : /vue-latest.js
File Path at the begining : /home/ec2-user/website/final/vue-latest.js
Request for /npm/vue3-sfc-loader.js by method GET
File url : /npm/vue3-sfc-loader.js
File Path at the begining : /home/ec2-user/website/final/npm/vue3-sfc-loader.js
Request for /js/helpers.js by method GET
File url : /js/helpers.js
File Path at the begining : /home/ec2-user/website/final/js/helpers.js
Request for /js/vue-app.js by method GET
File url : /js/vue-app.js
File Path at the begining : /home/ec2-user/website/final/js/vue-app.js
Request for /uploads/384x464/lqdnx2zf9ycguz7f5ea.jpg by method GET
File url : /uploads/384x464/lqdnx2zf9ycguz7f5ea.jpg
File Path at the begining : /home/ec2-user/website/final/uploads/384x464/lqdnx2zf9ycguz7f5ea.jpg
Request for /uploads/fit-in/222x240/lqdpjzbp0l1jtg6rjn4o.jpg by method GET
File url : /uploads/fit-in/222x240/lqdpjzbp0l1jtg6rjn4o.jpg
File Path at the begining : /home/ec2-user/website/final/uploads/fit-in/222x240/lqdpjzbp0l1jtg6rjn4o.jpg
Request for /index.html by method GET
File url : /index.html
File Path at the begining : /home/ec2-user/website/final/index.html
Request for /uploads/lqdld3nd63bwd82vrep.jpg by method GET
File url : /uploads/lqdld3nd63bwd82vrep.jpg
File Path at the begining : /home/ec2-user/website/final/uploads/lqdld3nd63bwd82vrep.jpg
Request for /uploads/fit-in/128x128/logo.jpg by method GET
File url : /uploads/fit-in/128x128/logo.jpg
File Path at the begining : /home/ec2-user/website/final/uploads/fit-in/128x128/logo.jpg
Request for /uploads/672x672/lqdnkamhnerdagapcmk.jpg by method GET
File url : /uploads/672x672/lqdnkamhnerdagapcmk.jpg
File Path at the begining : /home/ec2-user/website/final/uploads/672x672/lqdnkamhnerdagapcmk.jpg
Request for /vue-latest.js by method GET
File url : /vue-latest.js
File Path at the begining : /home/ec2-user/website/final/vue-latest.js
Request for /uploads/368x368/lqdnbcbixzo63k1l72s.jpg by method GET
File url : /uploads/368x368/lqdnbcbixzo63k1l72s.jpg
File Path at the begining : /home/ec2-user/website/final/uploads/368x368/lqdnbcbixzo63k1l72s.jpg
Request for /photos/3884133/pexels-photo-3884133.jpg by method GET
File url : /photos/3884133/pexels-photo-3884133.jpg
File Path at the begining : /home/ec2-user/website/final/photos/3884133/pexels-photo-3884133.jpg
Request for /npm/vue3-sfc-loader.js by method GET
File url : /npm/vue3-sfc-loader.js
File Path at the begining : /home/ec2-user/website/final/npm/vue3-sfc-loader.js
Request for /js/helpers.js by method GET
File url : /js/helpers.js
File Path at the begining : /home/ec2-user/website/final/js/helpers.js
Request for /js/vue-app.js by method GET
File url : /js/vue-app.js
File Path at the begining : /home/ec2-user/website/final/js/vue-app.js
Request for /uploads/384x464/lqdnx2zf9ycguz7f5ea.jpg by method GET
File url : /uploads/384x464/lqdnx2zf9ycguz7f5ea.jpg
File Path at the begining : /home/ec2-user/website/final/uploads/384x464/lqdnx2zf9ycguz7f5ea.jpg
Request for /uploads/fit-in/222x240/lqdpjzbp0l1jtg6rjn4o.jpg by method GET
File url : /uploads/fit-in/222x240/lqdpjzbp0l1jtg6rjn4o.jpg
File Path at the begining : /home/ec2-user/website/final/uploads/fit-in/222x240/lqdpjzbp0l1jtg6rjn4o.jpg
Request for / by method GET
File url : index.html
File Path at the begining : /home/ec2-user/website/final/index.html
Request for /uploads/fit-in/128x128/logo.jpg by method GET
File url : /uploads/fit-in/128x128/logo.jpg
File Path at the begining : /home/ec2-user/website/final/uploads/fit-in/128x128/logo.jpg
Request for /uploads/lqdld3nd63bwd82vrep.jpg by method GET
File url : /uploads/lqdld3nd63bwd82vrep.jpg
File Path at the begining : /home/ec2-user/website/final/uploads/lqdld3nd63bwd82vrep.jpg
Request for /uploads/368x368/lqdnbcbixzo63k1l72s.jpg by method GET
File url : /uploads/368x368/lqdnbcbixzo63k1l72s.jpg
File Path at the begining : /home/ec2-user/website/final/uploads/368x368/lqdnbcbixzo63k1l72s.jpg
Request for /photos/3884133/pexels-photo-3884133.jpg by method GET
File url : /photos/3884133/pexels-photo-3884133.jpg
File Path at the begining : /home/ec2-user/website/final/photos/3884133/pexels-photo-3884133.jpg
Request for /uploads/672x672/lqdnkamhnerdagapcmk.jpg by method GET
File url : /uploads/672x672/lqdnkamhnerdagapcmk.jpg
File Path at the begining : /home/ec2-user/website/final/uploads/672x672/lqdnkamhnerdagapcmk.jpg
Request for /vue-latest.js by method GET
File url : /vue-latest.js
File Path at the begining : /home/ec2-user/website/final/vue-latest.js
Request for /js/helpers.js by method GET
File url : /js/helpers.js
File Path at the begining : /home/ec2-user/website/final/js/helpers.js
Request for /npm/vue3-sfc-loader.js by method GET
File url : /npm/vue3-sfc-loader.js
File Path at the begining : /home/ec2-user/website/final/npm/vue3-sfc-loader.js
Request for /js/vue-app.js by method GET
File url : /js/vue-app.js
File Path at the begining : /home/ec2-user/website/final/js/vue-app.js
Request for /uploads/384x464/lqdnx2zf9ycguz7f5ea.jpg by method GET
File url : /uploads/384x464/lqdnx2zf9ycguz7f5ea.jpg
File Path at the begining : /home/ec2-user/website/final/uploads/384x464/lqdnx2zf9ycguz7f5ea.jpg
Request for /uploads/fit-in/222x240/lqdpjzbp0l1jtg6rjn4o.jpg by method GET
File url : /uploads/fit-in/222x240/lqdpjzbp0l1jtg6rjn4o.jpg
File Path at the begining : /home/ec2-user/website/final/uploads/fit-in/222x240/lqdpjzbp0l1jtg6rjn4o.jpg
Request for /sw.js by method GET
File url : /sw.js
File Path at the begining : /home/ec2-user/website/final/sw.js
Request for / by method GET
File url : index.html
File Path at the begining : /home/ec2-user/website/final/index.html
Request for /vue-latest.js by method GET
File url : /vue-latest.js
File Path at the begining : /home/ec2-user/website/final/vue-latest.js
Request for /npm/vue3-sfc-loader.js by method GET
File url : /npm/vue3-sfc-loader.js
File Path at the begining : /home/ec2-user/website/final/npm/vue3-sfc-loader.js
Request for /js/helpers.js by method GET
File url : /js/helpers.js
File Path at the begining : /home/ec2-user/website/final/js/helpers.js
Request for /js/vue-app.js by method GET
File url : /js/vue-app.js
File Path at the begining : /home/ec2-user/website/final/js/vue-app.js
Request for / by method GET
File url : index.html
File Path at the begining : /home/ec2-user/website/final/index.html
Request for /vue-latest.js by method GET
File url : /vue-latest.js
File Path at the begining : /home/ec2-user/website/final/vue-latest.js
Request for /npm/vue3-sfc-loader.js by method GET
File url : /npm/vue3-sfc-loader.js
File Path at the begining : /home/ec2-user/website/final/npm/vue3-sfc-loader.js
Request for /js/helpers.js by method GET
File url : /js/helpers.js
File Path at the begining : /home/ec2-user/website/final/js/helpers.js
Request for /js/vue-app.js by method GET
File url : /js/vue-app.js
File Path at the begining : /home/ec2-user/website/final/js/vue-app.js
Request for /sw.js by method GET
File url : /sw.js
File Path at the begining : /home/ec2-user/website/final/sw.js
Request for / by method GET
File url : index.html
File Path at the begining : /home/ec2-user/website/final/index.html
Request for /vue-latest.js by method GET
File url : /vue-latest.js
File Path at the begining : /home/ec2-user/website/final/vue-latest.js
Request for /npm/vue3-sfc-loader.js by method GET
File url : /npm/vue3-sfc-loader.js
File Path at the begining : /home/ec2-user/website/final/npm/vue3-sfc-loader.js
Request for /js/helpers.js by method GET
File url : /js/helpers.js
File Path at the begining : /home/ec2-user/website/final/js/helpers.js
Request for /js/vue-app.js by method GET
File url : /js/vue-app.js
File Path at the begining : /home/ec2-user/website/final/js/vue-app.js
Request for /sw.js by method GET
File url : /sw.js
File Path at the begining : /home/ec2-user/website/final/sw.js
Request for / by method GET
File url : index.html
File Path at the begining : /home/ec2-user/website/final/index.html
Request for /uploads/fit-in/128x128/logo.jpg by method GET
File url : /uploads/fit-in/128x128/logo.jpg
File Path at the begining : /home/ec2-user/website/final/uploads/fit-in/128x128/logo.jpg
Request for /uploads/lqdld3nd63bwd82vrep.jpg by method GET
File url : /uploads/lqdld3nd63bwd82vrep.jpg
File Path at the begining : /home/ec2-user/website/final/uploads/lqdld3nd63bwd82vrep.jpg
Request for /uploads/368x368/lqdnbcbixzo63k1l72s.jpg by method GET
File url : /uploads/368x368/lqdnbcbixzo63k1l72s.jpg
File Path at the begining : /home/ec2-user/website/final/uploads/368x368/lqdnbcbixzo63k1l72s.jpg
Request for /photos/3884133/pexels-photo-3884133.jpg by method GET
File url : /photos/3884133/pexels-photo-3884133.jpg
File Path at the begining : /home/ec2-user/website/final/photos/3884133/pexels-photo-3884133.jpg
Request for /uploads/672x672/lqdnkamhnerdagapcmk.jpg by method GET
File url : /uploads/672x672/lqdnkamhnerdagapcmk.jpg
File Path at the begining : /home/ec2-user/website/final/uploads/672x672/lqdnkamhnerdagapcmk.jpg
Request for /vue-latest.js by method GET
File url : /vue-latest.js
File Path at the begining : /home/ec2-user/website/final/vue-latest.js
Request for /npm/vue3-sfc-loader.js by method GET
File url : /npm/vue3-sfc-loader.js
File Path at the begining : /home/ec2-user/website/final/npm/vue3-sfc-loader.js
Request for /js/helpers.js by method GET
File url : /js/helpers.js
File Path at the begining : /home/ec2-user/website/final/js/helpers.js
Request for /js/vue-app.js by method GET
File url : /js/vue-app.js
File Path at the begining : /home/ec2-user/website/final/js/vue-app.js
Request for /uploads/384x464/lqdnx2zf9ycguz7f5ea.jpg by method GET
File url : /uploads/384x464/lqdnx2zf9ycguz7f5ea.jpg
File Path at the begining : /home/ec2-user/website/final/uploads/384x464/lqdnx2zf9ycguz7f5ea.jpg
Request for /uploads/fit-in/222x240/lqdpjzbp0l1jtg6rjn4o.jpg by method GET
File url : /uploads/fit-in/222x240/lqdpjzbp0l1jtg6rjn4o.jpg
File Path at the begining : /home/ec2-user/website/final/uploads/fit-in/222x240/lqdpjzbp0l1jtg6rjn4o.jpg
Request for /favicon.ico by method GET
File url : /favicon.ico
File Path at the begining : /home/ec2-user/website/final/favicon.ico
Request for / by method GET
File url : index.html
File Path at the begining : /home/ec2-user/website/final/index.html
Request for /uploads/fit-in/128x128/logo.jpg by method GET
File url : /uploads/fit-in/128x128/logo.jpg
File Path at the begining : /home/ec2-user/website/final/uploads/fit-in/128x128/logo.jpg
Request for /uploads/lqdld3nd63bwd82vrep.jpg by method GET
File url : /uploads/lqdld3nd63bwd82vrep.jpg
File Path at the begining : /home/ec2-user/website/final/uploads/lqdld3nd63bwd82vrep.jpg
Request for /uploads/368x368/lqdnbcbixzo63k1l72s.jpg by method GET
File url : /uploads/368x368/lqdnbcbixzo63k1l72s.jpg
File Path at the begining : /home/ec2-user/website/final/uploads/368x368/lqdnbcbixzo63k1l72s.jpg
Request for /photos/3884133/pexels-photo-3884133.jpg by method GET
File url : /photos/3884133/pexels-photo-3884133.jpg
File Path at the begining : /home/ec2-user/website/final/photos/3884133/pexels-photo-3884133.jpg
Request for /uploads/672x672/lqdnkamhnerdagapcmk.jpg by method GET
File url : /uploads/672x672/lqdnkamhnerdagapcmk.jpg
File Path at the begining : /home/ec2-user/website/final/uploads/672x672/lqdnkamhnerdagapcmk.jpg
Request for /uploads/384x464/lqdnx2zf9ycguz7f5ea.jpg by method GET
File url : /uploads/384x464/lqdnx2zf9ycguz7f5ea.jpg
File Path at the begining : /home/ec2-user/website/final/uploads/384x464/lqdnx2zf9ycguz7f5ea.jpg
Request for /uploads/fit-in/222x240/lqdpjzbp0l1jtg6rjn4o.jpg by method GET
File url : /uploads/fit-in/222x240/lqdpjzbp0l1jtg6rjn4o.jpg
File Path at the begining : /home/ec2-user/website/final/uploads/fit-in/222x240/lqdpjzbp0l1jtg6rjn4o.jpg
Request for /vue-latest.js by method GET
File url : /vue-latest.js
File Path at the begining : /home/ec2-user/website/final/vue-latest.js
Request for /npm/vue3-sfc-loader.js by method GET
File url : /npm/vue3-sfc-loader.js
File Path at the begining : /home/ec2-user/website/final/npm/vue3-sfc-loader.js
Request for /js/vue-app.js by method GET
File url : /js/vue-app.js
File Path at the begining : /home/ec2-user/website/final/js/vue-app.js
Request for /js/helpers.js by method GET
File url : /js/helpers.js
File Path at the begining : /home/ec2-user/website/final/js/helpers.js
Request for / by method GET
File url : index.html
File Path at the begining : /home/ec2-user/website/final/index.html
Request for /vue-latest.js by method GET
File url : /vue-latest.js
File Path at the begining : /home/ec2-user/website/final/vue-latest.js
Request for /npm/vue3-sfc-loader.js by method GET
File url : /npm/vue3-sfc-loader.js
File Path at the begining : /home/ec2-user/website/final/npm/vue3-sfc-loader.js
Request for /js/helpers.js by method GET
File url : /js/helpers.js
File Path at the begining : /home/ec2-user/website/final/js/helpers.js
Request for /js/vue-app.js by method GET
File url : /js/vue-app.js
File Path at the begining : /home/ec2-user/website/final/js/vue-app.js
Request for /sw.js by method GET
File url : /sw.js
File Path at the begining : /home/ec2-user/website/final/sw.js
Request for / by method GET
File url : index.html
File Path at the begining : /home/ec2-user/website/final/index.html
Request for / by method GET
File url : index.html
File Path at the begining : /home/ec2-user/website/final/index.html
Request for /uploads/fit-in/128x128/logo.jpg by method GET
File url : /uploads/fit-in/128x128/logo.jpg
File Path at the begining : /home/ec2-user/website/final/uploads/fit-in/128x128/logo.jpg
Request for /uploads/lqdld3nd63bwd82vrep.jpg by method GET
File url : /uploads/lqdld3nd63bwd82vrep.jpg
File Path at the begining : /home/ec2-user/website/final/uploads/lqdld3nd63bwd82vrep.jpg
Request for /uploads/fit-in/128x128/logo.jpg by method GET
File url : /uploads/fit-in/128x128/logo.jpg
File Path at the begining : /home/ec2-user/website/final/uploads/fit-in/128x128/logo.jpg
Request for /uploads/lqdld3nd63bwd82vrep.jpg by method GET
File url : /uploads/lqdld3nd63bwd82vrep.jpg
File Path at the begining : /home/ec2-user/website/final/uploads/lqdld3nd63bwd82vrep.jpg
Request for /uploads/368x368/lqdnbcbixzo63k1l72s.jpg by method GET
File url : /uploads/368x368/lqdnbcbixzo63k1l72s.jpg
File Path at the begining : /home/ec2-user/website/final/uploads/368x368/lqdnbcbixzo63k1l72s.jpg
Request for /npm/vue3-sfc-loader.js by method GET
File url : /npm/vue3-sfc-loader.js
File Path at the begining : /home/ec2-user/website/final/npm/vue3-sfc-loader.js
Request for /photos/3884133/pexels-photo-3884133.jpg by method GET
File url : /photos/3884133/pexels-photo-3884133.jpg
File Path at the begining : /home/ec2-user/website/final/photos/3884133/pexels-photo-3884133.jpg
Request for /uploads/672x672/lqdnkamhnerdagapcmk.jpg by method GET
File url : /uploads/672x672/lqdnkamhnerdagapcmk.jpg
File Path at the begining : /home/ec2-user/website/final/uploads/672x672/lqdnkamhnerdagapcmk.jpg
Request for /photos/3884133/pexels-photo-3884133.jpg by method GET
File url : /photos/3884133/pexels-photo-3884133.jpg
File Path at the begining : /home/ec2-user/website/final/photos/3884133/pexels-photo-3884133.jpg
Request for /uploads/672x672/lqdnkamhnerdagapcmk.jpg by method GET
File url : /uploads/672x672/lqdnkamhnerdagapcmk.jpg
File Path at the begining : /home/ec2-user/website/final/uploads/672x672/lqdnkamhnerdagapcmk.jpg
Request for /vue-latest.js by method GET
File url : /vue-latest.js
File Path at the begining : /home/ec2-user/website/final/vue-latest.js
Request for /js/helpers.js by method GET
File url : /js/helpers.js
File Path at the begining : /home/ec2-user/website/final/js/helpers.js
Request for /vue-latest.js by method GET
File url : /vue-latest.js
File Path at the begining : /home/ec2-user/website/final/vue-latest.js
Request for /uploads/368x368/lqdnbcbixzo63k1l72s.jpg by method GET
File url : /uploads/368x368/lqdnbcbixzo63k1l72s.jpg
File Path at the begining : /home/ec2-user/website/final/uploads/368x368/lqdnbcbixzo63k1l72s.jpg
Request for /js/vue-app.js by method GET
File url : /js/vue-app.js
File Path at the begining : /home/ec2-user/website/final/js/vue-app.js
Request for /npm/vue3-sfc-loader.js by method GET
File url : /npm/vue3-sfc-loader.js
File Path at the begining : /home/ec2-user/website/final/npm/vue3-sfc-loader.js
Request for /js/helpers.js by method GET
File url : /js/helpers.js
File Path at the begining : /home/ec2-user/website/final/js/helpers.js
Request for /uploads/384x464/lqdnx2zf9ycguz7f5ea.jpg by method GET
File url : /uploads/384x464/lqdnx2zf9ycguz7f5ea.jpg
File Path at the begining : /home/ec2-user/website/final/uploads/384x464/lqdnx2zf9ycguz7f5ea.jpg
Request for /uploads/fit-in/222x240/lqdpjzbp0l1jtg6rjn4o.jpg by method GET
File url : /uploads/fit-in/222x240/lqdpjzbp0l1jtg6rjn4o.jpg
File Path at the begining : /home/ec2-user/website/final/uploads/fit-in/222x240/lqdpjzbp0l1jtg6rjn4o.jpg
Request for /js/vue-app.js by method GET
File url : /js/vue-app.js
File Path at the begining : /home/ec2-user/website/final/js/vue-app.js
Request for /uploads/384x464/lqdnx2zf9ycguz7f5ea.jpg by method GET
File url : /uploads/384x464/lqdnx2zf9ycguz7f5ea.jpg
File Path at the begining : /home/ec2-user/website/final/uploads/384x464/lqdnx2zf9ycguz7f5ea.jpg
Request for /uploads/fit-in/222x240/lqdpjzbp0l1jtg6rjn4o.jpg by method GET
File url : /uploads/fit-in/222x240/lqdpjzbp0l1jtg6rjn4o.jpg
File Path at the begining : /home/ec2-user/website/final/uploads/fit-in/222x240/lqdpjzbp0l1jtg6rjn4o.jpg
Request for /favicon.ico by method GET
File url : /favicon.ico
File Path at the begining : /home/ec2-user/website/final/favicon.ico
Request for /actuator/health by method GET
File url : /actuator/health
File Path at the begining : /home/ec2-user/website/final/actuator/health
Request for / by method GET
File url : index.html
File Path at the begining : /home/ec2-user/website/final/index.html
Request for /uploads/fit-in/128x128/logo.jpg by method GET
File url : /uploads/fit-in/128x128/logo.jpg
File Path at the begining : /home/ec2-user/website/final/uploads/fit-in/128x128/logo.jpg
Request for /uploads/lqdld3nd63bwd82vrep.jpg by method GET
File url : /uploads/lqdld3nd63bwd82vrep.jpg
File Path at the begining : /home/ec2-user/website/final/uploads/lqdld3nd63bwd82vrep.jpg
Request for /uploads/368x368/lqdnbcbixzo63k1l72s.jpg by method GET
File url : /uploads/368x368/lqdnbcbixzo63k1l72s.jpg
File Path at the begining : /home/ec2-user/website/final/uploads/368x368/lqdnbcbixzo63k1l72s.jpg
Request for /photos/3884133/pexels-photo-3884133.jpg by method GET
File url : /photos/3884133/pexels-photo-3884133.jpg
File Path at the begining : /home/ec2-user/website/final/photos/3884133/pexels-photo-3884133.jpg
Request for /uploads/672x672/lqdnkamhnerdagapcmk.jpg by method GET
File url : /uploads/672x672/lqdnkamhnerdagapcmk.jpg
File Path at the begining : /home/ec2-user/website/final/uploads/672x672/lqdnkamhnerdagapcmk.jpg
Request for /vue-latest.js by method GET
File url : /vue-latest.js
File Path at the begining : /home/ec2-user/website/final/vue-latest.js
Request for /npm/vue3-sfc-loader.js by method GET
File url : /npm/vue3-sfc-loader.js
File Path at the begining : /home/ec2-user/website/final/npm/vue3-sfc-loader.js
Request for /js/helpers.js by method GET
File url : /js/helpers.js
File Path at the begining : /home/ec2-user/website/final/js/helpers.js
Request for /js/vue-app.js by method GET
File url : /js/vue-app.js
File Path at the begining : /home/ec2-user/website/final/js/vue-app.js
Request for /uploads/384x464/lqdnx2zf9ycguz7f5ea.jpg by method GET
File url : /uploads/384x464/lqdnx2zf9ycguz7f5ea.jpg
File Path at the begining : /home/ec2-user/website/final/uploads/384x464/lqdnx2zf9ycguz7f5ea.jpg
Request for /uploads/fit-in/222x240/lqdpjzbp0l1jtg6rjn4o.jpg by method GET
File url : /uploads/fit-in/222x240/lqdpjzbp0l1jtg6rjn4o.jpg
File Path at the begining : /home/ec2-user/website/final/uploads/fit-in/222x240/lqdpjzbp0l1jtg6rjn4o.jpg
Request for /sw.js by method GET
File url : /sw.js
File Path at the begining : /home/ec2-user/website/final/sw.js
Request for /index.html by method GET
File url : /index.html
File Path at the begining : /home/ec2-user/website/final/index.html
Request for /vue-latest.js by method GET
File url : /vue-latest.js
File Path at the begining : /home/ec2-user/website/final/vue-latest.js
Request for /npm/vue3-sfc-loader.js by method GET
File url : /npm/vue3-sfc-loader.js
File Path at the begining : /home/ec2-user/website/final/npm/vue3-sfc-loader.js
Request for /js/helpers.js by method GET
File url : /js/helpers.js
File Path at the begining : /home/ec2-user/website/final/js/helpers.js
Request for /js/vue-app.js by method GET
File url : /js/vue-app.js
File Path at the begining : /home/ec2-user/website/final/js/vue-app.js
Request for /index.html by method GET
File url : /index.html
File Path at the begining : /home/ec2-user/website/final/index.html
Request for /vue-latest.js by method GET
File url : /vue-latest.js
File Path at the begining : /home/ec2-user/website/final/vue-latest.js
Request for /js/helpers.js by method GET
File url : /js/helpers.js
File Path at the begining : /home/ec2-user/website/final/js/helpers.js
Request for /npm/vue3-sfc-loader.js by method GET
File url : /npm/vue3-sfc-loader.js
File Path at the begining : /home/ec2-user/website/final/npm/vue3-sfc-loader.js
Request for /js/vue-app.js by method GET
File url : /js/vue-app.js
File Path at the begining : /home/ec2-user/website/final/js/vue-app.js
Request for /sw.js by method GET
File url : /sw.js
File Path at the begining : /home/ec2-user/website/final/sw.js
Request for /index.html by method GET
File url : /index.html
File Path at the begining : /home/ec2-user/website/final/index.html
Request for /npm/vue3-sfc-loader.js by method GET
File url : /npm/vue3-sfc-loader.js
File Path at the begining : /home/ec2-user/website/final/npm/vue3-sfc-loader.js
Request for /vue-latest.js by method GET
File url : /vue-latest.js
File Path at the begining : /home/ec2-user/website/final/vue-latest.js
Request for /js/helpers.js by method GET
File url : /js/helpers.js
File Path at the begining : /home/ec2-user/website/final/js/helpers.js
Request for /js/vue-app.js by method GET
File url : /js/vue-app.js
File Path at the begining : /home/ec2-user/website/final/js/vue-app.js
Request for /sw.js by method GET
File url : /sw.js
File Path at the begining : /home/ec2-user/website/final/sw.js
Request for / by method GET
File url : index.html
File Path at the begining : /home/ec2-user/website/final/index.html
Request for /uploads/fit-in/128x128/logo.jpg by method GET
File url : /uploads/fit-in/128x128/logo.jpg
File Path at the begining : /home/ec2-user/website/final/uploads/fit-in/128x128/logo.jpg
Request for /uploads/lqdld3nd63bwd82vrep.jpg by method GET
File url : /uploads/lqdld3nd63bwd82vrep.jpg
File Path at the begining : /home/ec2-user/website/final/uploads/lqdld3nd63bwd82vrep.jpg
Request for /uploads/368x368/lqdnbcbixzo63k1l72s.jpg by method GET
File url : /uploads/368x368/lqdnbcbixzo63k1l72s.jpg
File Path at the begining : /home/ec2-user/website/final/uploads/368x368/lqdnbcbixzo63k1l72s.jpg
Request for /photos/3884133/pexels-photo-3884133.jpg by method GET
File url : /photos/3884133/pexels-photo-3884133.jpg
File Path at the begining : /home/ec2-user/website/final/photos/3884133/pexels-photo-3884133.jpg
Request for /uploads/672x672/lqdnkamhnerdagapcmk.jpg by method GET
File url : /uploads/672x672/lqdnkamhnerdagapcmk.jpg
File Path at the begining : /home/ec2-user/website/final/uploads/672x672/lqdnkamhnerdagapcmk.jpg
Request for /vue-latest.js by method GET
File url : /vue-latest.js
File Path at the begining : /home/ec2-user/website/final/vue-latest.js
Request for /npm/vue3-sfc-loader.js by method GET
File url : /npm/vue3-sfc-loader.js
File Path at the begining : /home/ec2-user/website/final/npm/vue3-sfc-loader.js
Request for /js/helpers.js by method GET
File url : /js/helpers.js
File Path at the begining : /home/ec2-user/website/final/js/helpers.js
Request for /js/vue-app.js by method GET
File url : /js/vue-app.js
File Path at the begining : /home/ec2-user/website/final/js/vue-app.js
Request for /uploads/384x464/lqdnx2zf9ycguz7f5ea.jpg by method GET
File url : /uploads/384x464/lqdnx2zf9ycguz7f5ea.jpg
File Path at the begining : /home/ec2-user/website/final/uploads/384x464/lqdnx2zf9ycguz7f5ea.jpg
Request for /uploads/fit-in/222x240/lqdpjzbp0l1jtg6rjn4o.jpg by method GET
File url : /uploads/fit-in/222x240/lqdpjzbp0l1jtg6rjn4o.jpg
File Path at the begining : /home/ec2-user/website/final/uploads/fit-in/222x240/lqdpjzbp0l1jtg6rjn4o.jpg
Request for / by method GET
File url : index.html
File Path at the begining : /home/ec2-user/website/final/index.html
Request for /vue-latest.js by method GET
File url : /vue-latest.js
File Path at the begining : /home/ec2-user/website/final/vue-latest.js
Request for /npm/vue3-sfc-loader.js by method GET
File url : /npm/vue3-sfc-loader.js
File Path at the begining : /home/ec2-user/website/final/npm/vue3-sfc-loader.js
Request for /js/helpers.js by method GET
File url : /js/helpers.js
File Path at the begining : /home/ec2-user/website/final/js/helpers.js
Request for /js/vue-app.js by method GET
File url : /js/vue-app.js
File Path at the begining : /home/ec2-user/website/final/js/vue-app.js
Request for /sw.js by method GET
File url : /sw.js
File Path at the begining : /home/ec2-user/website/final/sw.js
Request for / by method GET
File url : index.html
File Path at the begining : /home/ec2-user/website/final/index.html
Request for /vue-latest.js by method GET
File url : /vue-latest.js
File Path at the begining : /home/ec2-user/website/final/vue-latest.js
Request for /npm/vue3-sfc-loader.js by method GET
File url : /npm/vue3-sfc-loader.js
File Path at the begining : /home/ec2-user/website/final/npm/vue3-sfc-loader.js
Request for /js/helpers.js by method GET
File url : /js/helpers.js
File Path at the begining : /home/ec2-user/website/final/js/helpers.js
Request for /js/vue-app.js by method GET
File url : /js/vue-app.js
File Path at the begining : /home/ec2-user/website/final/js/vue-app.js
Request for /index.html by method GET
File url : /index.html
File Path at the begining : /home/ec2-user/website/final/index.html
Request for /vue-latest.js by method GET
File url : /vue-latest.js
File Path at the begining : /home/ec2-user/website/final/vue-latest.js
Request for /npm/vue3-sfc-loader.js by method GET
File url : /npm/vue3-sfc-loader.js
File Path at the begining : /home/ec2-user/website/final/npm/vue3-sfc-loader.js
Request for /js/helpers.js by method GET
File url : /js/helpers.js
File Path at the begining : /home/ec2-user/website/final/js/helpers.js
Request for /js/vue-app.js by method GET
File url : /js/vue-app.js
File Path at the begining : /home/ec2-user/website/final/js/vue-app.js
Request for /sw.js by method GET
File url : /sw.js
File Path at the begining : /home/ec2-user/website/final/sw.js
Request for /sw.js by method GET
File url : /sw.js
File Path at the begining : /home/ec2-user/website/final/sw.js
Request for /index.html by method GET
File url : /index.html
File Path at the begining : /home/ec2-user/website/final/index.html
Request for /uploads/fit-in/128x128/logo.jpg by method GET
File url : /uploads/fit-in/128x128/logo.jpg
File Path at the begining : /home/ec2-user/website/final/uploads/fit-in/128x128/logo.jpg
Request for /uploads/lqdld3nd63bwd82vrep.jpg by method GET
File url : /uploads/lqdld3nd63bwd82vrep.jpg
File Path at the begining : /home/ec2-user/website/final/uploads/lqdld3nd63bwd82vrep.jpg
Request for /uploads/368x368/lqdnbcbixzo63k1l72s.jpg by method GET
File url : /uploads/368x368/lqdnbcbixzo63k1l72s.jpg
File Path at the begining : /home/ec2-user/website/final/uploads/368x368/lqdnbcbixzo63k1l72s.jpg
Request for /photos/3884133/pexels-photo-3884133.jpg by method GET
File url : /photos/3884133/pexels-photo-3884133.jpg
File Path at the begining : /home/ec2-user/website/final/photos/3884133/pexels-photo-3884133.jpg
Request for /uploads/672x672/lqdnkamhnerdagapcmk.jpg by method GET
File url : /uploads/672x672/lqdnkamhnerdagapcmk.jpg
File Path at the begining : /home/ec2-user/website/final/uploads/672x672/lqdnkamhnerdagapcmk.jpg
Request for /uploads/384x464/lqdnx2zf9ycguz7f5ea.jpg by method GET
File url : /uploads/384x464/lqdnx2zf9ycguz7f5ea.jpg
File Path at the begining : /home/ec2-user/website/final/uploads/384x464/lqdnx2zf9ycguz7f5ea.jpg
Request for /uploads/fit-in/222x240/lqdpjzbp0l1jtg6rjn4o.jpg by method GET
File url : /uploads/fit-in/222x240/lqdpjzbp0l1jtg6rjn4o.jpg
File Path at the begining : /home/ec2-user/website/final/uploads/fit-in/222x240/lqdpjzbp0l1jtg6rjn4o.jpg
Request for /vue-latest.js by method GET
File url : /vue-latest.js
File Path at the begining : /home/ec2-user/website/final/vue-latest.js
Request for /npm/vue3-sfc-loader.js by method GET
File url : /npm/vue3-sfc-loader.js
File Path at the begining : /home/ec2-user/website/final/npm/vue3-sfc-loader.js
Request for /js/helpers.js by method GET
File url : /js/helpers.js
File Path at the begining : /home/ec2-user/website/final/js/helpers.js
Request for /js/vue-app.js by method GET
File url : /js/vue-app.js
File Path at the begining : /home/ec2-user/website/final/js/vue-app.js
Request for /index.html by method GET
File url : /index.html
File Path at the begining : /home/ec2-user/website/final/index.html
Request for /js/helpers.js by method GET
File url : /js/helpers.js
File Path at the begining : /home/ec2-user/website/final/js/helpers.js
Request for /vue-latest.js by method GET
File url : /vue-latest.js
File Path at the begining : /home/ec2-user/website/final/vue-latest.js
Request for /js/vue-app.js by method GET
File url : /js/vue-app.js
File Path at the begining : /home/ec2-user/website/final/js/vue-app.js
Request for /npm/vue3-sfc-loader.js by method GET
File url : /npm/vue3-sfc-loader.js
File Path at the begining : /home/ec2-user/website/final/npm/vue3-sfc-loader.js
Request for /sw.js by method GET
File url : /sw.js
File Path at the begining : /home/ec2-user/website/final/sw.js
Request for /index.html by method GET
File url : /index.html
File Path at the begining : /home/ec2-user/website/final/index.html
Request for /uploads/fit-in/128x128/logo.jpg by method GET
File url : /uploads/fit-in/128x128/logo.jpg
File Path at the begining : /home/ec2-user/website/final/uploads/fit-in/128x128/logo.jpg
Request for /uploads/lqdld3nd63bwd82vrep.jpg by method GET
File url : /uploads/lqdld3nd63bwd82vrep.jpg
File Path at the begining : /home/ec2-user/website/final/uploads/lqdld3nd63bwd82vrep.jpg
Request for /uploads/368x368/lqdnbcbixzo63k1l72s.jpg by method GET
File url : /uploads/368x368/lqdnbcbixzo63k1l72s.jpg
File Path at the begining : /home/ec2-user/website/final/uploads/368x368/lqdnbcbixzo63k1l72s.jpg
Request for /photos/3884133/pexels-photo-3884133.jpg by method GET
File url : /photos/3884133/pexels-photo-3884133.jpg
File Path at the begining : /home/ec2-user/website/final/photos/3884133/pexels-photo-3884133.jpg
Request for /uploads/672x672/lqdnkamhnerdagapcmk.jpg by method GET
File url : /uploads/672x672/lqdnkamhnerdagapcmk.jpg
File Path at the begining : /home/ec2-user/website/final/uploads/672x672/lqdnkamhnerdagapcmk.jpg
Request for /uploads/384x464/lqdnx2zf9ycguz7f5ea.jpg by method GET
File url : /uploads/384x464/lqdnx2zf9ycguz7f5ea.jpg
File Path at the begining : /home/ec2-user/website/final/uploads/384x464/lqdnx2zf9ycguz7f5ea.jpg
Request for /uploads/fit-in/222x240/lqdpjzbp0l1jtg6rjn4o.jpg by method GET
File url : /uploads/fit-in/222x240/lqdpjzbp0l1jtg6rjn4o.jpg
File Path at the begining : /home/ec2-user/website/final/uploads/fit-in/222x240/lqdpjzbp0l1jtg6rjn4o.jpg
Request for /npm/vue3-sfc-loader.js by method GET
File url : /npm/vue3-sfc-loader.js
File Path at the begining : /home/ec2-user/website/final/npm/vue3-sfc-loader.js
Request for /vue-latest.js by method GET
File url : /vue-latest.js
File Path at the begining : /home/ec2-user/website/final/vue-latest.js
Request for /js/helpers.js by method GET
File url : /js/helpers.js
File Path at the begining : /home/ec2-user/website/final/js/helpers.js
Request for /js/vue-app.js by method GET
File url : /js/vue-app.js
File Path at the begining : /home/ec2-user/website/final/js/vue-app.js
Request for / by method GET
File url : index.html
File Path at the begining : /home/ec2-user/website/final/index.html
Request for /uploads/fit-in/128x128/logo.jpg by method GET
File url : /uploads/fit-in/128x128/logo.jpg
File Path at the begining : /home/ec2-user/website/final/uploads/fit-in/128x128/logo.jpg
Request for /uploads/lqdld3nd63bwd82vrep.jpg by method GET
File url : /uploads/lqdld3nd63bwd82vrep.jpg
File Path at the begining : /home/ec2-user/website/final/uploads/lqdld3nd63bwd82vrep.jpg
Request for /uploads/368x368/lqdnbcbixzo63k1l72s.jpg by method GET
File url : /uploads/368x368/lqdnbcbixzo63k1l72s.jpg
File Path at the begining : /home/ec2-user/website/final/uploads/368x368/lqdnbcbixzo63k1l72s.jpg
Request for /photos/3884133/pexels-photo-3884133.jpg by method GET
File url : /photos/3884133/pexels-photo-3884133.jpg
File Path at the begining : /home/ec2-user/website/final/photos/3884133/pexels-photo-3884133.jpg
Request for /uploads/672x672/lqdnkamhnerdagapcmk.jpg by method GET
File url : /uploads/672x672/lqdnkamhnerdagapcmk.jpg
File Path at the begining : /home/ec2-user/website/final/uploads/672x672/lqdnkamhnerdagapcmk.jpg
Request for /uploads/384x464/lqdnx2zf9ycguz7f5ea.jpg by method GET
File url : /uploads/384x464/lqdnx2zf9ycguz7f5ea.jpg
File Path at the begining : /home/ec2-user/website/final/uploads/384x464/lqdnx2zf9ycguz7f5ea.jpg
Request for /vue-latest.js by method GET
File url : /vue-latest.js
File Path at the begining : /home/ec2-user/website/final/vue-latest.js
Request for /uploads/fit-in/222x240/lqdpjzbp0l1jtg6rjn4o.jpg by method GET
File url : /uploads/fit-in/222x240/lqdpjzbp0l1jtg6rjn4o.jpg
File Path at the begining : /home/ec2-user/website/final/uploads/fit-in/222x240/lqdpjzbp0l1jtg6rjn4o.jpg
Request for /npm/vue3-sfc-loader.js by method GET
File url : /npm/vue3-sfc-loader.js
File Path at the begining : /home/ec2-user/website/final/npm/vue3-sfc-loader.js
Request for /js/helpers.js by method GET
File url : /js/helpers.js
File Path at the begining : /home/ec2-user/website/final/js/helpers.js
Request for /js/vue-app.js by method GET
File url : /js/vue-app.js
File Path at the begining : /home/ec2-user/website/final/js/vue-app.js
Request for / by method GET
File url : index.html
File Path at the begining : /home/ec2-user/website/final/index.html
Request for /favicon.ico by method GET
File url : /favicon.ico
File Path at the begining : /home/ec2-user/website/final/favicon.ico
Request for /markup/ad by method GET
File url : /markup/ad
File Path at the begining : /home/ec2-user/website/final/markup/ad
Request for /manifest.webmanifest by method GET
File url : /manifest.webmanifest
File Path at the begining : /home/ec2-user/website/final/manifest.webmanifest
Request for / by method GET
File url : index.html
File Path at the begining : /home/ec2-user/website/final/index.html
Request for /uploads/fit-in/128x128/logo.jpg by method GET
File url : /uploads/fit-in/128x128/logo.jpg
File Path at the begining : /home/ec2-user/website/final/uploads/fit-in/128x128/logo.jpg
Request for /uploads/fit-in/1200x1200/lqdld3nd63bwd82vrep.jpg by method GET
File url : /uploads/fit-in/1200x1200/lqdld3nd63bwd82vrep.jpg
File Path at the begining : /home/ec2-user/website/final/uploads/fit-in/1200x1200/lqdld3nd63bwd82vrep.jpg
Request for /uploads/720x464/lqdnbcbixzo63k1l72s.jpg by method GET
File url : /uploads/720x464/lqdnbcbixzo63k1l72s.jpg
File Path at the begining : /home/ec2-user/website/final/uploads/720x464/lqdnbcbixzo63k1l72s.jpg
Request for /photos/3884133/pexels-photo-3884133.jpg by method GET
File url : /photos/3884133/pexels-photo-3884133.jpg
File Path at the begining : /home/ec2-user/website/final/photos/3884133/pexels-photo-3884133.jpg
Request for /uploads/672x672/lqdnkamhnerdagapcmk.jpg by method GET
File url : /uploads/672x672/lqdnkamhnerdagapcmk.jpg
File Path at the begining : /home/ec2-user/website/final/uploads/672x672/lqdnkamhnerdagapcmk.jpg
Request for /vue-latest.js by method GET
File url : /vue-latest.js
File Path at the begining : /home/ec2-user/website/final/vue-latest.js
Request for /npm/vue3-sfc-loader.js by method GET
File url : /npm/vue3-sfc-loader.js
File Path at the begining : /home/ec2-user/website/final/npm/vue3-sfc-loader.js
Request for /js/helpers.js by method GET
File url : /js/helpers.js
File Path at the begining : /home/ec2-user/website/final/js/helpers.js
Request for /js/vue-app.js by method GET
File url : /js/vue-app.js
File Path at the begining : /home/ec2-user/website/final/js/vue-app.js
Request for /uploads/720x464/lqdnx2zf9ycguz7f5ea.jpg by method GET
File url : /uploads/720x464/lqdnx2zf9ycguz7f5ea.jpg
File Path at the begining : /home/ec2-user/website/final/uploads/720x464/lqdnx2zf9ycguz7f5ea.jpg
Request for /uploads/fit-in/222x240/lqdpjzbp0l1jtg6rjn4o.jpg by method GET
File url : /uploads/fit-in/222x240/lqdpjzbp0l1jtg6rjn4o.jpg
File Path at the begining : /home/ec2-user/website/final/uploads/fit-in/222x240/lqdpjzbp0l1jtg6rjn4o.jpg
Request for /sw.js by method GET
File url : /sw.js
File Path at the begining : /home/ec2-user/website/final/sw.js
Request for /sw.js by method GET
File url : /sw.js
File Path at the begining : /home/ec2-user/website/final/sw.js
Request for / by method GET
File url : index.html
File Path at the begining : /home/ec2-user/website/final/index.html
Request for / by method GET
File url : index.html
File Path at the begining : /home/ec2-user/website/final/index.html
Request for /uploads/fit-in/128x128/logo.jpg by method GET
File url : /uploads/fit-in/128x128/logo.jpg
File Path at the begining : /home/ec2-user/website/final/uploads/fit-in/128x128/logo.jpg
Request for /uploads/lqdld3nd63bwd82vrep.jpg by method GET
File url : /uploads/lqdld3nd63bwd82vrep.jpg
File Path at the begining : /home/ec2-user/website/final/uploads/lqdld3nd63bwd82vrep.jpg
Request for /uploads/368x368/lqdnbcbixzo63k1l72s.jpg by method GET
File url : /uploads/368x368/lqdnbcbixzo63k1l72s.jpg
File Path at the begining : /home/ec2-user/website/final/uploads/368x368/lqdnbcbixzo63k1l72s.jpg
Request for /photos/3884133/pexels-photo-3884133.jpg by method GET
File url : /photos/3884133/pexels-photo-3884133.jpg
File Path at the begining : /home/ec2-user/website/final/photos/3884133/pexels-photo-3884133.jpg
Request for /uploads/672x672/lqdnkamhnerdagapcmk.jpg by method GET
File url : /uploads/672x672/lqdnkamhnerdagapcmk.jpg
File Path at the begining : /home/ec2-user/website/final/uploads/672x672/lqdnkamhnerdagapcmk.jpg
Request for /vue-latest.js by method GET
File url : /vue-latest.js
File Path at the begining : /home/ec2-user/website/final/vue-latest.js
Request for /npm/vue3-sfc-loader.js by method GET
File url : /npm/vue3-sfc-loader.js
File Path at the begining : /home/ec2-user/website/final/npm/vue3-sfc-loader.js
Request for /js/vue-app.js by method GET
File url : /js/vue-app.js
File Path at the begining : /home/ec2-user/website/final/js/vue-app.js
Request for /js/helpers.js by method GET
File url : /js/helpers.js
File Path at the begining : /home/ec2-user/website/final/js/helpers.js
Request for /uploads/384x464/lqdnx2zf9ycguz7f5ea.jpg by method GET
File url : /uploads/384x464/lqdnx2zf9ycguz7f5ea.jpg
File Path at the begining : /home/ec2-user/website/final/uploads/384x464/lqdnx2zf9ycguz7f5ea.jpg
Request for /uploads/fit-in/222x240/lqdpjzbp0l1jtg6rjn4o.jpg by method GET
File url : /uploads/fit-in/222x240/lqdpjzbp0l1jtg6rjn4o.jpg
File Path at the begining : /home/ec2-user/website/final/uploads/fit-in/222x240/lqdpjzbp0l1jtg6rjn4o.jpg
Request for /favicon.ico by method GET
File url : /favicon.ico
File Path at the begining : /home/ec2-user/website/final/favicon.ico
Request for / by method GET
File url : index.html
File Path at the begining : /home/ec2-user/website/final/index.html
Request for /favicon.ico by method GET
File url : /favicon.ico
File Path at the begining : /home/ec2-user/website/final/favicon.ico
Request for /robots.txt by method GET
File url : /robots.txt
File Path at the begining : /home/ec2-user/website/final/robots.txt
Request for /sitemap.xml by method GET
File url : /sitemap.xml
File Path at the begining : /home/ec2-user/website/final/sitemap.xml

                        -------------

__/\\\\\\\\\\\\\____/\\\\____________/\\\\____/\\\\\\\\\_____
 _\/\\\/////////\\\_\/\\\\\\________/\\\\\\__/\\\///////\\\___
  _\/\\\_______\/\\\_\/\\\//\\\____/\\\//\\\_\///______\//\\\__
   _\/\\\\\\\\\\\\\/__\/\\\\///\\\/\\\/_\/\\\___________/\\\/___
    _\/\\\/////////____\/\\\__\///\\\/___\/\\\________/\\\//_____
     _\/\\\_____________\/\\\____\///_____\/\\\_____/\\\//________
      _\/\\\_____________\/\\\_____________\/\\\___/\\\/___________
       _\/\\\_____________\/\\\_____________\/\\\__/\\\\\\\\\\\\\\\_
        _\///______________\///______________\///__\///////////////__


                          Runtime Edition

        PM2 is a Production Process Manager for Node.js applications
                     with a built-in Load Balancer.

                Start and Daemonize any application:
                $ pm2 start app.js

                Load Balance 4 instances of api.js:
                $ pm2 start api.js -i 4

                Monitor in production:
                $ pm2 monitor

                Make pm2 auto-boot at server restart:
                $ pm2 startup

                To go further checkout:
                http://pm2.io/


                        -------------

[PM2] Spawning PM2 daemon with pm2_home=/root/.pm2
[PM2] PM2 Successfully daemonized
[PM2] Starting /home/ubuntu/website/final/server.js in fork_mode (1 instance)
[PM2] Done.

 id  name       namespace    version  mode     pid       uptime       status     cpu       mem       user      watching 

 0   server     default      1.0.0    fork     30255     0s      0     online     0%        20.3mb    root      disabled 

